<?xml version="1.0" encoding="UTF-8" ?>
<testsuite tests="73" failures="0" name="org.primefaces.expression.SearchExpressionFacadeTest" time="0.111" errors="0" skipped="0">
  <properties>
[...]
</properties>
  <testcase classname="org.primefaces.expression.SearchExpressionFacadeTest" name="resolveComponent_PreviousPrevious" time="0"/>
  <testcase classname="org.primefaces.expression.SearchExpressionFacadeTest" name="resolveComponent_FormChildNextNext" time="0"/>
  <testcase classname="org.primefaces.expression.SearchExpressionFacadeTest" name="resolveClientId_AbsoluteWithFormPrependIdFalse" time="0"/>
  <testcase classname="org.primefaces.expression.SearchExpressionFacadeTest" name="resolveComponents_SimpleMultiSearchExpressionResolver_ParentParent_IgnoreNoResult" time="0"/>
  <testcase classname="org.primefaces.expression.SearchExpressionFacadeTest" name="resolveClientIds_RelativeAndPFSAndWidgetVarAndFormParent" time="0"/>
  <testcase classname="org.primefaces.expression.SearchExpressionFacadeTest" name="resolveComponents_SimpleMultiSearchExpressionResolver_Parent" time="0"/>
  <testcase classname="org.primefaces.expression.SearchExpressionFacadeTest" name="resolveComponents_SimpleMultiSearchExpressionResolver" time="0"/>
  <testcase classname="org.primefaces.expression.SearchExpressionFacadeTest" name="resolveClientId_AbsoluteWithFormPrependIdFalse_InvokeOnComponent" time="0.001"/>
  <testcase classname="org.primefaces.expression.SearchExpressionFacadeTest" name="resolveClientId_AbsoluteWithFormPrependIdFalse_InvokeOnComponentSkipUnrendered" time="0.001"/>
  <testcase classname="org.primefaces.expression.SearchExpressionFacadeTest" name="resolveClientId_AbsoluteWithFormPrependIdFalse_InvokeOnComponentUnrendered" time="0.001"/>
  <testcase classname="org.primefaces.expression.SearchExpressionFacadeTest" name="resolveComponent_AbsoluteWithFormPrependIdFalse_InvokeOnComponentUnrendered" time="0.003"/>
  <testcase classname="org.primefaces.expression.SearchExpressionFacadeTest" name="resolveComponents_SimpleMultiSearchExpressionResolver_ParentParent" time="0.001"/>
  <testcase classname="org.primefaces.expression.SearchExpressionFacadeTest" name="resolveClientIds_MultiSearchExpressionResolver_ClientIdSearchExpressionResolver" time="0.001"/>
  <testcase classname="org.primefaces.expression.SearchExpressionFacadeTest" name="resolveComponent_Namingcontainer" time="0.001"/>
  <testcase classname="org.primefaces.expression.SearchExpressionFacadeTest" name="resolveClientIds_PFSMultipleIds" time="0"/>
  <testcase classname="org.primefaces.expression.SearchExpressionFacadeTest" name="resolveComponent_None" time="0.001"/>
  <testcase classname="org.primefaces.expression.SearchExpressionFacadeTest" name="resolveClientId_WidgetVar" time="0"/>
  <testcase classname="org.primefaces.expression.SearchExpressionFacadeTest" name="resolveClientId_ParentChild" time="0.001"/>
  <testcase classname="org.primefaces.expression.SearchExpressionFacadeTest" name="resolveComponent_NextNext" time="0"/>
  <testcase classname="org.primefaces.expression.SearchExpressionFacadeTest" name="resolveClientId_WidgetVarNext" time="0.038"/>
  <testcase classname="org.primefaces.expression.SearchExpressionFacadeTest" name="resolveComponent_WidgetVar" time="0"/>
  <testcase classname="org.primefaces.expression.SearchExpressionFacadeTest" name="resolveComponent_Absolute" time="0.001"/>
  <testcase classname="org.primefaces.expression.SearchExpressionFacadeTest" name="resolveComponent_AbsoluteForm" time="0.001"/>
  <testcase classname="org.primefaces.expression.SearchExpressionFacadeTest" name="resolveClientId_Parent" time="0"/>
  <testcase classname="org.primefaces.expression.SearchExpressionFacadeTest" name="resolveComponents_Id_FromRoot" time="0.001"/>
  <testcase classname="org.primefaces.expression.SearchExpressionFacadeTest" name="resolveComponent_WidgetVarNext" time="0.002"/>
  <testcase classname="org.primefaces.expression.SearchExpressionFacadeTest" name="resolveComponent_Previous" time="0.001"/>
  <testcase classname="org.primefaces.expression.SearchExpressionFacadeTest" name="resolveComponent_All" time="0.001"/>
  <testcase classname="org.primefaces.expression.SearchExpressionFacadeTest" name="resolveClientId_Form" time="0.001"/>
  <testcase classname="org.primefaces.expression.SearchExpressionFacadeTest" name="resolveComponent_ThisParent" time="0"/>
  <testcase classname="org.primefaces.expression.SearchExpressionFacadeTest" name="resolveClientId_All" time="0.001"/>
  <testcase classname="org.primefaces.expression.SearchExpressionFacadeTest" name="resolveClientId_Absolute" time="0.005"/>
  <testcase classname="org.primefaces.expression.SearchExpressionFacadeTest" name="resolveClientId_Root" time="0"/>
  <testcase classname="org.primefaces.expression.SearchExpressionFacadeTest" name="resolveComponent_Next" time="0"/>
  <testcase classname="org.primefaces.expression.SearchExpressionFacadeTest" name="resolveClientId_Namingcontainer" time="0.007"/>
  <testcase classname="org.primefaces.expression.SearchExpressionFacadeTest" name="resolveComponent_IgnoreNoResult" time="0"/>
  <testcase classname="org.primefaces.expression.SearchExpressionFacadeTest" name="resolveComponents_Id" time="0"/>
  <testcase classname="org.primefaces.expression.SearchExpressionFacadeTest" name="resolveComponent_ParentParent" time="0"/>
  <testcase classname="org.primefaces.expression.SearchExpressionFacadeTest" name="resolveClientId_None" time="0"/>
  <testcase classname="org.primefaces.expression.SearchExpressionFacadeTest" name="resolveComponent_Root" time="0.019"/>
  <testcase classname="org.primefaces.expression.SearchExpressionFacadeTest" name="resolveComponent_Parent" time="0"/>
  <testcase classname="org.primefaces.expression.SearchExpressionFacadeTest" name="resolveClientId_This" time="0"/>
  <testcase classname="org.primefaces.expression.SearchExpressionFacadeTest" name="resolveComponent_NoResult" time="0"/>
  <testcase classname="org.primefaces.expression.SearchExpressionFacadeTest" name="resolveComponents_Root" time="0"/>
  <testcase classname="org.primefaces.expression.SearchExpressionFacadeTest" name="resolveClientId_AbsoluteForm" time="0"/>
  <testcase classname="org.primefaces.expression.SearchExpressionFacadeTest" name="resolveClientId_AbsoluteId" time="0"/>
  <testcase classname="org.primefaces.expression.SearchExpressionFacadeTest" name="resolveComponent_ParentChild" time="0"/>
  <testcase classname="org.primefaces.expression.SearchExpressionFacadeTest" name="resolveComponent_Form" time="0"/>
  <testcase classname="org.primefaces.expression.SearchExpressionFacadeTest" name="resolveClientId_PFS" time="0"/>
  <testcase classname="org.primefaces.expression.SearchExpressionFacadeTest" name="resolveClientId_Relative" time="0.002"/>
  <testcase classname="org.primefaces.expression.SearchExpressionFacadeTest" name="resolveComponent_Relative" time="0.001"/>
  <testcase classname="org.primefaces.expression.SearchExpressionFacadeTest" name="resolveComponent_FormParent" time="0.002"/>
  <testcase classname="org.primefaces.expression.SearchExpressionFacadeTest" name="resolveComponent_This" time="0.001"/>
  <testcase classname="org.primefaces.expression.SearchExpressionFacadeTest" name="resolveComponent_AbsoluteNamingcontainerParent" time="0.003"/>
  <testcase classname="org.primefaces.expression.SearchExpressionFacadeTest" name="resolveComponent_AbsoluteKeywordStart" time="0"/>
  <testcase classname="org.primefaces.expression.SearchExpressionFacadeTest" name="resolveClientId_NonCombineableAllAndNone" time="0.001"/>
  <testcase classname="org.primefaces.expression.SearchExpressionFacadeTest" name="resolveComponentWithParentFallback" time="0.001"/>
  <testcase classname="org.primefaces.expression.SearchExpressionFacadeTest" name="resolveComponent_NamingcontainerNamingcontainer" time="0"/>
  <testcase classname="org.primefaces.expression.SearchExpressionFacadeTest" name="resolveClientIds_RelativeAndParent" time="0.001"/>
  <testcase classname="org.primefaces.expression.SearchExpressionFacadeTest" name="resolveClientIds_RelativeAndParentParent" time="0.001"/>
  <testcase classname="org.primefaces.expression.SearchExpressionFacadeTest" name="resolveClientIds_RelativeAndThisParent" time="0.001"/>
  <testcase classname="org.primefaces.expression.SearchExpressionFacadeTest" name="resolveComponents_RelativeAndThisParent" time="0"/>
  <testcase classname="org.primefaces.expression.SearchExpressionFacadeTest" name="resolveComponent_NotNestablePasstrough" time="0.001"/>
  <testcase classname="org.primefaces.expression.SearchExpressionFacadeTest" name="resolveClientIds_PFSNestedParenthese" time="0.001"/>
  <testcase classname="org.primefaces.expression.SearchExpressionFacadeTest" name="resolveClientId_AbsoluteNamingcontainer" time="0.001"/>
  <testcase classname="org.primefaces.expression.SearchExpressionFacadeTest" name="resolveClientId_AbsoluteKeywordStart" time="0.001"/>
  <testcase classname="org.primefaces.expression.SearchExpressionFacadeTest" name="resolveComponent_AbsoluteNamingcontainer" time="0.001"/>
  <testcase classname="org.primefaces.expression.SearchExpressionFacadeTest" name="resolveClientIdsWithParentFallback" time="0.001"/>
  <testcase classname="org.primefaces.expression.SearchExpressionFacadeTest" name="resolveClientId_AbsoluteNamingcontainerParent" time="0.001"/>
  <testcase classname="org.primefaces.expression.SearchExpressionFacadeTest" name="resolveComponents_RelativeAndParent" time="0.001"/>
  <testcase classname="org.primefaces.expression.SearchExpressionFacadeTest" name="resolveComponents_RelativeAndParentParent" time="0"/>
  <testcase classname="org.primefaces.expression.SearchExpressionFacadeTest" name="resolveComponent_NamingcontainerParent" time="0"/>
  <testcase classname="org.primefaces.expression.SearchExpressionFacadeTest" name="resolveClientId_NotNestablePasstrough" time="0"/>
</testsuite>